<?xml version="1.0" encoding="UTF-8"?>
<!-- Generated by org.testng.reporters.JUnitReportReporter -->
<testsuite hostname="del1-lhp-n70238" failures="0" tests="1" name="com.sktesting.tests.LoginPage" time="4.757" errors="0" timestamp="2024-06-11T02:00:34 IST" skipped="0">
  <testcase classname="com.sktesting.tests.LoginPage" name="test1" time="4.757"/>
</testsuite> <!-- com.sktesting.tests.LoginPage -->
